number,value,datetime_start,datetime_complete,duration,params_batch_size,params_dropout,params_lr,params_weight_decay,system_attrs_fixed_params,system_attrs_tpe:relative_params:0,state
0,0.998472753362729,2026-09-19 19:55:33.545686,2026-09-19 20:02:45.436680,0 days 00:07:11.890994,32,0.0,1e-05,0.0001,"{'lr': 1e-05, 'weight_decay': 0.0001, 'batch_size': 32, 'dropout': 0.0}",,COMPLETE
1,0.9861745174103342,2026-09-19 19:55:33.555082,2026-09-19 20:00:04.727480,0 days 00:04:31.172398,16,0.2,3.0956664143144797e-05,2.518095605732827e-05,,,COMPLETE
2,1.0,2026-09-19 20:02:45.451112,2026-09-19 20:09:47.239881,0 days 00:07:01.788769,32,0.5,3.235339414079059e-06,6.966208152371802e-05,,,COMPLETE
3,0.9936052601711504,2026-09-19 20:07:26.621956,2026-09-19 20:14:28.469525,0 days 00:07:01.847569,32,0.0,2.4812340555278604e-05,3.5089705867059394e-07,,,COMPLETE
4,1.0,2026-09-19 20:09:47.252933,2026-09-19 20:23:20.966580,0 days 00:13:33.713647,64,0.5,1.961276285383405e-06,0.0011221194919125558,,,COMPLETE
5,0.9871077751295312,2026-09-19 20:14:28.483090,2026-09-19 20:18:59.767046,0 days 00:04:31.283956,16,0.3,2.2945368574272507e-05,0.0010023885119671084,,,COMPLETE
6,0.9977605026504782,2026-09-19 20:16:49.130814,2026-09-19 20:21:10.394645,0 days 00:04:21.263831,16,0.5,4.740258884271537e-06,0.003761794634043476,,,COMPLETE
7,0.9992877492877493,2026-09-19 20:21:10.405430,2026-09-19 20:28:12.321003,0 days 00:07:01.915573,32,0.0,1.1824161415212178e-06,2.0103584026944926e-07,,,COMPLETE
8,0.9611627996801415,2026-09-19 20:25:11.498227,2026-09-19 20:29:42.710154,0 days 00:04:31.211927,16,0.2,7.63332431571658e-05,0.000673881121076279,,,COMPLETE
9,0.982202282998002,2026-09-19 20:29:42.719942,2026-09-19 20:36:44.683068,0 days 00:07:01.963126,32,0.2,5.7493693524880644e-05,1.3592954014050833e-06,,,COMPLETE
10,0.9886195051853953,2026-09-19 20:32:53.611786,2026-09-19 20:37:14.837047,0 days 00:04:21.225261,32,0.1,3.886502553625579e-05,2.1804761079632e-05,,,PRUNED
11,0.998472753362729,2026-09-19 20:36:44.691547,2026-09-19 20:43:46.639183,0 days 00:07:01.947636,32,0.5,1.099896647286245e-06,5.070826366524024e-05,,"{""batch_size"": 32, ""dropout"": 0.5, ""lr"": 1.099896647286245e-06, ""weight_decay"": 5.070826366524024e-05}",COMPLETE
12,0.9982897452957333,2026-09-19 20:38:55.325217,2026-09-19 20:52:38.858600,0 days 00:13:43.533383,64,0.2,1.087000760952428e-06,0.0014388714068369836,,"{""batch_size"": 64, ""dropout"": 0.2, ""lr"": 1.087000760952428e-06, ""weight_decay"": 0.0014388714068369836}",COMPLETE
13,0.9992877492877493,2026-09-19 20:43:26.568241,2026-09-19 20:57:10.046316,0 days 00:13:43.478075,64,0.5,3.0371074254186357e-06,4.698976748712434e-05,,"{""batch_size"": 64, ""dropout"": 0.5, ""lr"": 3.0371074254186357e-06, ""weight_decay"": 4.698976748712434e-05}",COMPLETE
14,0.9985754985754985,2026-09-19 20:47:47.685204,2026-09-19 21:01:21.271617,0 days 00:13:33.586413,64,0.5,2.3443249143008328e-06,0.00909844226009903,,"{""batch_size"": 64, ""dropout"": 0.5, ""lr"": 2.3443249143008328e-06, ""weight_decay"": 0.00909844226009903}",COMPLETE
15,0.9953379972339609,2026-09-19 20:53:29.111794,2026-09-19 20:58:20.378632,0 days 00:04:51.266838,64,0.5,1.9950962807820697e-05,0.00110980055113174,,"{""batch_size"": 64, ""dropout"": 0.5, ""lr"": 1.9950962807820697e-05, ""weight_decay"": 0.00110980055113174}",PRUNED
16,0.9985754985754985,2026-09-19 20:57:10.064130,2026-09-19 21:04:22.151544,0 days 00:07:12.087414,32,0.1,4.592226904105659e-06,0.003950132180856274,,"{""batch_size"": 32, ""dropout"": 0.1, ""lr"": 4.592226904105659e-06, ""weight_decay"": 0.003950132180856274}",COMPLETE
17,0.9982897452957333,2026-09-19 20:58:20.392513,2026-09-19 21:03:01.784651,0 days 00:04:41.392138,32,0.5,6.417643314396099e-06,6.271921216569519e-07,,"{""batch_size"": 32, ""dropout"": 0.5, ""lr"": 6.417643314396099e-06, ""weight_decay"": 6.271921216569519e-07}",PRUNED
18,0.9992877492877493,2026-09-19 21:03:01.794837,2026-09-19 21:10:03.784044,0 days 00:07:01.989207,32,0.2,2.9162088193136458e-06,0.00012021715793974801,,"{""batch_size"": 32, ""dropout"": 0.2, ""lr"": 2.9162088193136458e-06, ""weight_decay"": 0.00012021715793974801}",COMPLETE
19,0.9992877492877493,2026-09-19 21:04:22.170990,2026-09-19 21:08:53.466680,0 days 00:04:31.295690,16,0.1,1.3190565074599987e-06,2.9951605623352417e-05,,"{""batch_size"": 16, ""dropout"": 0.1, ""lr"": 1.3190565074599987e-06, ""weight_decay"": 2.9951605623352417e-05}",COMPLETE
20,0.9985754985754985,2026-09-19 21:10:03.793002,2026-09-19 21:17:05.724662,0 days 00:07:01.931660,32,0.5,5.522019860260151e-06,0.00017596812101842445,,"{""batch_size"": 32, ""dropout"": 0.5, ""lr"": 5.522019860260151e-06, ""weight_decay"": 0.00017596812101842445}",COMPLETE
21,0.9992877492877493,2026-09-19 21:11:14.152012,2026-09-19 21:24:57.855089,0 days 00:13:43.703077,64,0.0,6.1774820404068865e-06,0.000741319074959642,,"{""batch_size"": 64, ""dropout"": 0.0, ""lr"": 6.1774820404068865e-06, ""weight_decay"": 0.000741319074959642}",COMPLETE
22,0.9992877492877493,2026-09-19 21:15:35.320511,2026-09-19 21:29:19.258727,0 days 00:13:43.938216,64,0.1,6.253757023759206e-06,2.1452706288965727e-06,,"{""batch_size"": 64, ""dropout"": 0.1, ""lr"": 6.253757023759206e-06, ""weight_decay"": 2.1452706288965727e-06}",COMPLETE
23,0.9977605026504782,2026-09-19 21:21:46.948981,2026-09-19 21:24:17.678466,0 days 00:02:30.729485,32,0.0,1.000311245252245e-06,1.4235927848094866e-07,,"{""batch_size"": 32, ""dropout"": 0.0, ""lr"": 1.000311245252245e-06, ""weight_decay"": 1.4235927848094866e-07}",PRUNED
24,0.9985754985754985,2026-09-19 21:24:07.632575,2026-09-19 21:37:41.916634,0 days 00:13:34.284059,64,0.2,1.98010732253564e-06,1.5758958906022967e-07,,"{""batch_size"": 64, ""dropout"": 0.2, ""lr"": 1.98010732253564e-06, ""weight_decay"": 1.5758958906022967e-07}",COMPLETE
25,0.9985754985754985,2026-09-19 21:26:38.379550,2026-09-19 21:31:09.850503,0 days 00:04:31.470953,16,0.0,3.697222131161274e-06,2.785132365317368e-06,,"{""batch_size"": 16, ""dropout"": 0.0, ""lr"": 3.697222131161274e-06, ""weight_decay"": 2.785132365317368e-06}",COMPLETE
26,0.9992877492877493,2026-09-19 21:29:09.216881,2026-09-19 21:36:11.417342,0 days 00:07:02.200461,32,0.2,1.0254905036192985e-06,2.588155861970872e-06,,"{""batch_size"": 32, ""dropout"": 0.2, ""lr"": 1.0254905036192985e-06, ""weight_decay"": 2.588155861970872e-06}",COMPLETE
27,0.9968652438712319,2026-09-19 21:30:29.652494,2026-09-19 21:35:21.160729,0 days 00:04:51.508235,64,0.0,1.0265609840793606e-06,7.283497460921743e-05,,"{""batch_size"": 64, ""dropout"": 0.0, ""lr"": 1.0265609840793606e-06, ""weight_decay"": 7.283497460921743e-05}",PRUNED
28,0.998472753362729,2026-09-19 21:34:10.801784,2026-09-19 21:36:51.638269,0 days 00:02:40.836485,32,0.1,1.8921269575937878e-06,1.1313372874944794e-07,,"{""batch_size"": 32, ""dropout"": 0.1, ""lr"": 1.8921269575937878e-06, ""weight_decay"": 1.1313372874944794e-07}",PRUNED
29,0.9977605026504782,2026-09-19 21:36:51.651353,2026-09-19 21:39:32.535024,0 days 00:02:40.883671,32,0.3,2.9761282134679145e-06,8.911820908744307e-07,,"{""batch_size"": 32, ""dropout"": 0.3, ""lr"": 2.9761282134679145e-06, ""weight_decay"": 8.911820908744307e-07}",PRUNED
30,0.9982897452957333,2026-09-19 21:38:42.272180,2026-09-19 21:43:33.776365,0 days 00:04:51.504185,64,0.3,1.5606908747912375e-06,0.000562813543429054,,"{""batch_size"": 64, ""dropout"": 0.3, ""lr"": 1.5606908747912375e-06, ""weight_decay"": 0.000562813543429054}",PRUNED
31,0.9992877492877493,2026-09-19 21:40:32.857399,2026-09-19 21:45:04.259789,0 days 00:04:31.402390,16,0.5,1.0791712773474246e-06,2.7313163493228084e-07,,"{""batch_size"": 16, ""dropout"": 0.5, ""lr"": 1.0791712773474246e-06, ""weight_decay"": 2.7313163493228084e-07}",COMPLETE
32,0.9978632478632479,2026-09-19 21:43:33.792726,2026-09-19 21:48:25.229868,0 days 00:04:51.437142,64,0.5,4.648844570941987e-06,6.151098371320131e-05,,"{""batch_size"": 64, ""dropout"": 0.5, ""lr"": 4.648844570941987e-06, ""weight_decay"": 6.151098371320131e-05}",PRUNED
33,0.9982897452957333,2026-09-19 21:45:04.276890,2026-09-19 21:49:55.743659,0 days 00:04:51.466769,64,0.5,1.2072490399182548e-06,2.753890668905098e-05,,"{""batch_size"": 64, ""dropout"": 0.5, ""lr"": 1.2072490399182548e-06, ""weight_decay"": 2.753890668905098e-05}",PRUNED
34,0.9971509971509972,2026-09-19 21:48:35.319713,2026-09-19 21:50:15.856002,0 days 00:01:40.536289,16,0.5,2.3042132808599483e-06,7.789975883151392e-05,,"{""batch_size"": 16, ""dropout"": 0.5, ""lr"": 2.3042132808599483e-06, ""weight_decay"": 7.789975883151392e-05}",PRUNED
35,0.9772545269521976,2026-09-19 21:50:15.865217,2026-09-19 21:55:07.247438,0 days 00:04:51.382221,64,0.5,7.558177562894019e-05,1.1563634789645891e-07,,"{""batch_size"": 64, ""dropout"": 0.5, ""lr"": 7.558177562894019e-05, ""weight_decay"": 1.1563634789645891e-07}",PRUNED
36,0.9985754985754985,2026-09-19 21:54:27.065176,2026-09-19 22:08:00.811170,0 days 00:13:33.745994,64,0.2,5.696515279322628e-06,6.608988367390729e-05,,"{""batch_size"": 64, ""dropout"": 0.2, ""lr"": 5.696515279322628e-06, ""weight_decay"": 6.608988367390729e-05}",COMPLETE
37,0.9769489921167006,2026-09-19 21:57:48.057898,2026-09-19 22:02:39.458428,0 days 00:04:51.400530,64,0.0,7.907157027527801e-05,8.443239935403213e-06,,"{""batch_size"": 64, ""dropout"": 0.0, ""lr"": 7.907157027527801e-05, ""weight_decay"": 8.443239935403213e-06}",PRUNED
38,0.997474749370713,2026-09-19 21:59:58.707947,2026-09-19 22:04:50.076982,0 days 00:04:51.369035,64,0.0,1.595739445192813e-06,1.409312892432096e-07,,"{""batch_size"": 64, ""dropout"": 0.0, ""lr"": 1.595739445192813e-06, ""weight_decay"": 1.409312892432096e-07}",PRUNED
39,0.9992877492877493,2026-09-19 22:02:59.577367,2026-09-19 22:09:51.191916,0 days 00:06:51.614549,32,0.0,3.6153351720845212e-06,7.157023922676344e-06,,"{""batch_size"": 32, ""dropout"": 0.0, ""lr"": 3.6153351720845212e-06, ""weight_decay"": 7.157023922676344e-06}",COMPLETE
