number,value,datetime_start,datetime_complete,duration,params_batch_size,params_dropout,params_freeze_bn,params_lr,params_weight_decay,system_attrs_fixed_params,system_attrs_tpe:relative_params:0,state
0,0.962105946098284,2026-09-21 01:46:53.981113,2026-09-21 01:57:27.175198,0 days 00:10:33.194085,32,0.0,True,5e-05,0.0001,"{'lr': 5e-05, 'weight_decay': 0.0001, 'batch_size': 32, 'dropout': 0.0, 'freeze_bn': True}",,COMPLETE
1,0.9317388869122943,2026-09-21 01:46:54.012658,2026-09-21 01:57:37.274069,0 days 00:10:43.261411,32,0.5,True,0.00023329728738269478,0.00047966137696392117,,,COMPLETE
2,0.9599691562487257,2026-09-21 01:52:15.561974,2026-09-21 02:00:38.294897,0 days 00:08:22.732923,16,0.3,True,5.741440121499892e-06,5.409450768498565e-06,,,COMPLETE
3,0.9612088183366585,2026-09-21 01:57:37.297392,2026-09-21 02:06:20.134762,0 days 00:08:42.837370,32,0.5,False,6.485452256442802e-05,0.00010029397327949672,,,COMPLETE
4,0.9613800477870059,2026-09-21 02:02:49.028336,2026-09-21 02:08:50.909352,0 days 00:06:01.881016,16,0.5,True,9.700522091480387e-06,0.00021784603450301495,,,COMPLETE
5,0.9624484427117851,2026-09-21 02:08:50.915760,2026-09-21 02:17:03.554586,0 days 00:08:12.638826,32,0.3,False,4.22601991673557e-05,0.0001208618741574641,,,COMPLETE
6,0.962790939325286,2026-09-21 02:17:03.578275,2026-09-21 02:20:04.837279,0 days 00:03:01.259004,16,0.1,True,1.3825608998952915e-05,2.2279236832913488e-05,,,COMPLETE
7,0.9621608204496406,2026-09-21 02:19:54.779111,2026-09-21 02:22:56.066610,0 days 00:03:01.287499,16,0.3,True,7.082443763007803e-06,2.5267821194066363e-07,,,COMPLETE
8,0.9661124414858082,2026-09-21 02:22:35.904222,2026-09-21 02:25:47.306106,0 days 00:03:11.401884,16,0.2,False,6.2244711892155935e-06,3.575460580303503e-07,,,COMPLETE
9,0.9658248192236636,2026-09-21 02:24:46.929130,2026-09-21 02:35:21.021902,0 days 00:10:34.092772,64,0.2,False,1.1868230400790478e-05,0.00020638555478131915,,,COMPLETE
10,0.9651468294866049,2026-09-21 02:28:28.331361,2026-09-21 02:33:50.396907,0 days 00:05:22.065546,32,0.3,True,1.2354255144241076e-05,1.3154469866742517e-05,,,COMPLETE
11,0.9646743301750854,2026-09-21 02:33:10.109922,2026-09-21 02:36:31.518225,0 days 00:03:21.408303,16,0.1,False,5.1581836655749916e-05,7.177301420917628e-05,,,COMPLETE
12,0.9585583024232518,2026-09-21 02:33:50.428875,2026-09-21 02:35:10.983259,0 days 00:01:20.554384,16,0.2,False,8.49260688485188e-06,1.0970556961314173e-07,,"{""batch_size"": 16, ""dropout"": 0.2, ""freeze_bn"": false, ""lr"": 8.49260688485188e-06, ""weight_decay"": 1.0970556961314173e-07}",PRUNED
13,0.9669138275246073,2026-09-21 02:36:31.550909,2026-09-21 02:47:05.681628,0 days 00:10:34.130719,64,0.1,False,1.1199696792719539e-05,0.0032052686325936687,,"{""batch_size"": 64, ""dropout"": 0.1, ""freeze_bn"": false, ""lr"": 1.1199696792719539e-05, ""weight_decay"": 0.0032052686325936687}",COMPLETE
14,0.9579830578989629,2026-09-21 02:41:43.587925,2026-09-21 02:45:35.104669,0 days 00:03:51.516744,64,0.2,False,6.690025884017693e-06,1.6652868699483335e-05,,"{""batch_size"": 64, ""dropout"": 0.2, ""freeze_bn"": false, ""lr"": 6.690025884017693e-06, ""weight_decay"": 1.6652868699483335e-05}",PRUNED
15,0.96085267412413,2026-09-21 02:45:35.123773,2026-09-21 02:51:27.499343,0 days 00:05:52.375570,64,0.2,False,4.329210858754827e-05,0.0024116296920850123,,"{""batch_size"": 64, ""dropout"": 0.2, ""freeze_bn"": false, ""lr"": 4.329210858754827e-05, ""weight_decay"": 0.0024116296920850123}",PRUNED
16,0.957455684236087,2026-09-21 02:47:35.928562,2026-09-21 02:51:27.506572,0 days 00:03:51.578010,64,0.0,False,5.525958643047933e-06,0.0034919145697301446,,"{""batch_size"": 64, ""dropout"": 0.0, ""freeze_bn"": false, ""lr"": 5.525958643047933e-06, ""weight_decay"": 0.0034919145697301446}",PRUNED
17,0.968543819374648,2026-09-21 02:49:36.810907,2026-09-21 02:59:51.208403,0 days 00:10:14.397496,64,0.1,True,1.3144605021753575e-05,0.001253155998341796,,"{""batch_size"": 64, ""dropout"": 0.1, ""freeze_bn"": true, ""lr"": 1.3144605021753575e-05, ""weight_decay"": 0.001253155998341796}",COMPLETE
18,0.9669616983860205,2026-09-21 02:53:28.334422,2026-09-21 03:04:02.964277,0 days 00:10:34.629855,64,0.1,False,1.346581444039515e-05,0.00270532711200318,,"{""batch_size"": 64, ""dropout"": 0.1, ""freeze_bn"": false, ""lr"": 1.346581444039515e-05, ""weight_decay"": 0.00270532711200318}",COMPLETE
19,0.9577090455230396,2026-09-21 02:56:39.595166,2026-09-21 02:57:50.184435,0 days 00:01:10.589269,16,0.0,False,6.465291573333404e-06,1.018943081480124e-05,,"{""batch_size"": 16, ""dropout"": 0.0, ""freeze_bn"": false, ""lr"": 6.465291573333404e-06, ""weight_decay"": 1.018943081480124e-05}",PRUNED
20,0.9575241684736646,2026-09-21 02:58:00.287806,2026-09-21 03:00:01.332836,0 days 00:02:01.045030,32,0.1,False,5.787861870365389e-06,4.432752111632601e-07,,"{""batch_size"": 32, ""dropout"": 0.1, ""freeze_bn"": false, ""lr"": 5.787861870365389e-06, ""weight_decay"": 4.432752111632601e-07}",PRUNED
21,0.9676875212716866,2026-09-21 02:59:51.260324,2026-09-21 03:09:55.397854,0 days 00:10:04.137530,64,0.1,True,5.817481041301899e-05,0.00032723273233489693,,"{""batch_size"": 64, ""dropout"": 0.1, ""freeze_bn"": true, ""lr"": 5.817481041301899e-05, ""weight_decay"": 0.00032723273233489693}",COMPLETE
22,0.9531408777846414,2026-09-21 03:00:51.730921,2026-09-21 03:04:33.179718,0 days 00:03:41.448797,64,0.1,True,5.653532146984821e-06,0.0013188887258411234,,"{""batch_size"": 64, ""dropout"": 0.1, ""freeze_bn"": true, ""lr"": 5.653532146984821e-06, ""weight_decay"": 0.0013188887258411234}",PRUNED
23,0.9667425603614538,2026-09-21 03:03:52.915790,2026-09-21 03:09:25.220919,0 days 00:05:32.305129,32,0.1,False,8.970389200176469e-06,0.0014985203671060265,,"{""batch_size"": 32, ""dropout"": 0.1, ""freeze_bn"": false, ""lr"": 8.970389200176469e-06, ""weight_decay"": 0.0014985203671060265}",COMPLETE
24,0.9635989694731695,2026-09-21 03:05:13.466495,2026-09-21 03:08:34.863329,0 days 00:03:21.396834,16,0.1,False,2.9608199211033786e-05,0.009975877586489757,,"{""batch_size"": 16, ""dropout"": 0.1, ""freeze_bn"": false, ""lr"": 2.9608199211033786e-05, ""weight_decay"": 0.009975877586489757}",COMPLETE
25,0.9658933034612414,2026-09-21 03:08:34.885235,2026-09-21 03:19:09.414670,0 days 00:10:34.529435,64,0.1,False,1.973519671739438e-05,0.0037236212258285003,,"{""batch_size"": 64, ""dropout"": 0.1, ""freeze_bn"": false, ""lr"": 1.973519671739438e-05, ""weight_decay"": 0.0037236212258285003}",COMPLETE
26,0.9598664487487624,2026-09-21 03:10:05.570952,2026-09-21 03:13:47.159578,0 days 00:03:41.588626,64,0.1,True,9.323909393820706e-05,0.00021312202464286503,,"{""batch_size"": 64, ""dropout"": 0.1, ""freeze_bn"": true, ""lr"": 9.323909393820706e-05, ""weight_decay"": 0.00021312202464286503}",PRUNED
27,0.9721257240248722,2026-09-21 03:12:36.653379,2026-09-21 03:22:51.011462,0 days 00:10:14.358083,64,0.5,True,2.5876192543216523e-05,0.0005856501820542705,,"{""batch_size"": 64, ""dropout"": 0.5, ""freeze_bn"": true, ""lr"": 2.5876192543216523e-05, ""weight_decay"": 0.0005856501820542705}",COMPLETE
28,0.9630579104984599,2026-09-21 03:13:57.254147,2026-09-21 03:21:10.308434,0 days 00:07:13.054287,64,0.1,True,3.5711013588635755e-05,8.899618355236779e-07,,"{""batch_size"": 64, ""dropout"": 0.1, ""freeze_bn"": true, ""lr"": 3.5711013588635755e-05, ""weight_decay"": 8.899618355236779e-07}",PRUNED
29,0.9575584294488566,2026-09-21 03:16:58.481939,2026-09-21 03:20:40.137018,0 days 00:03:41.655079,64,0.0,True,5.958557648909555e-05,2.5415531611689626e-05,,"{""batch_size"": 64, ""dropout"": 0.0, ""freeze_bn"": true, ""lr"": 5.958557648909555e-05, ""weight_decay"": 2.5415531611689626e-05}",PRUNED
30,0.9596951438728025,2026-09-21 03:19:09.463215,2026-09-21 03:22:51.026143,0 days 00:03:41.562928,64,0.1,True,2.2297304052767047e-05,0.00026925258724142545,,"{""batch_size"": 64, ""dropout"": 0.1, ""freeze_bn"": true, ""lr"": 2.2297304052767047e-05, ""weight_decay"": 0.00026925258724142545}",PRUNED
31,0.9612294317128228,2026-09-21 03:20:30.072048,2026-09-21 03:24:41.943268,0 days 00:04:11.871220,64,0.3,True,1.5687061236774577e-05,0.0007337959997254699,,"{""batch_size"": 64, ""dropout"": 0.3, ""freeze_bn"": true, ""lr"": 1.5687061236774577e-05, ""weight_decay"": 0.0007337959997254699}",PRUNED
32,0.9672356730491375,2026-09-21 03:22:51.082537,2026-09-21 03:32:55.101387,0 days 00:10:04.018850,64,0.5,True,2.7594198820360302e-05,0.00011057777001484752,,"{""batch_size"": 64, ""dropout"": 0.5, ""freeze_bn"": true, ""lr"": 2.7594198820360302e-05, ""weight_decay"": 0.00011057777001484752}",COMPLETE
33,0.9584212962352904,2026-09-21 03:24:41.963954,2026-09-21 03:28:23.358208,0 days 00:03:41.394254,64,0.5,True,1.5642588095127155e-05,0.005178434372289629,,"{""batch_size"": 64, ""dropout"": 0.5, ""freeze_bn"": true, ""lr"": 1.5642588095127155e-05, ""weight_decay"": 0.005178434372289629}",PRUNED
34,0.9610375511735049,2026-09-21 03:27:23.027072,2026-09-21 03:31:34.549138,0 days 00:04:11.522066,64,0.0,True,3.767206124188729e-05,0.0021466996437507256,,"{""batch_size"": 64, ""dropout"": 0.0, ""freeze_bn"": true, ""lr"": 3.767206124188729e-05, ""weight_decay"": 0.0021466996437507256}",PRUNED
35,0.9597636658231865,2026-09-21 03:31:04.357055,2026-09-21 03:33:05.163125,0 days 00:02:00.806070,32,0.1,True,4.924683883663872e-05,0.00013807051709907502,,"{""batch_size"": 32, ""dropout"": 0.1, ""freeze_bn"": true, ""lr"": 4.924683883663872e-05, ""weight_decay"": 0.00013807051709907502}",PRUNED
36,0.9552297967727865,2026-09-21 03:32:45.059287,2026-09-21 03:34:45.900101,0 days 00:02:00.840814,32,0.0,True,1.177783589702966e-05,0.0010907552840563272,,"{""batch_size"": 32, ""dropout"": 0.0, ""freeze_bn"": true, ""lr"": 1.177783589702966e-05, ""weight_decay"": 0.0010907552840563272}",PRUNED
37,0.9690848406365514,2026-09-21 03:34:45.922908,2026-09-21 03:44:39.458158,0 days 00:09:53.535250,64,0.5,True,2.789921407438671e-05,3.4307823124707644e-05,,"{""batch_size"": 64, ""dropout"": 0.5, ""freeze_bn"": true, ""lr"": 2.789921407438671e-05, ""weight_decay"": 3.4307823124707644e-05}",COMPLETE
38,0.9365397648486743,2026-09-21 03:35:36.275515,2026-09-21 03:36:46.738409,0 days 00:01:10.462894,16,0.5,True,9.519211061081802e-05,0.000502196598546474,,"{""batch_size"": 16, ""dropout"": 0.5, ""freeze_bn"": true, ""lr"": 9.519211061081802e-05, ""weight_decay"": 0.000502196598546474}",PRUNED
39,0.9684410741618784,2026-09-21 03:37:47.221988,2026-09-21 03:48:00.215954,0 days 00:10:12.993966,64,0.5,False,3.117155704778969e-05,0.00032377493833815217,,"{""batch_size"": 64, ""dropout"": 0.5, ""freeze_bn"": false, ""lr"": 3.117155704778969e-05, ""weight_decay"": 0.00032377493833815217}",COMPLETE
