number,value,datetime_start,datetime_complete,duration,params_batch_size,params_dropout,params_freeze_bn,params_lr,params_weight_decay,system_attrs_fixed_params,system_attrs_tpe:relative_params:0,state
0,0.9779840123770098,2026-09-21 04:34:12.021259,2026-09-21 04:39:24.305496,0 days 00:05:12.284237,32,0.0,True,5e-05,0.0001,"{'lr': 5e-05, 'weight_decay': 0.0001, 'batch_size': 32, 'dropout': 0.0, 'freeze_bn': True}",,COMPLETE
1,0.9801306364352248,2026-09-21 04:34:12.067621,2026-09-21 04:44:56.939886,0 days 00:10:44.872265,64,0.0,False,2.2606411202821264e-05,3.2110863342755346e-06,,,COMPLETE
2,0.9816785341614663,2026-09-21 04:38:03.744431,2026-09-21 04:43:16.171392,0 days 00:05:12.426961,32,0.5,True,6.703394373544175e-06,0.00013848514640666325,,,COMPLETE
3,0.9577856698818596,2026-09-21 04:40:14.808473,2026-09-21 04:43:36.331159,0 days 00:03:21.522686,16,0.3,False,0.00021900200323107864,4.7405034921866e-07,,,COMPLETE
4,0.9784049028623573,2026-09-21 04:43:16.204403,2026-09-21 04:46:37.791055,0 days 00:03:21.586652,16,0.1,False,2.409167261587406e-05,1.6889621361529366e-06,,,COMPLETE
5,0.9627540770166347,2026-09-21 04:45:47.389818,2026-09-21 04:56:02.252282,0 days 00:10:14.862464,64,0.3,True,0.00018846884223824986,2.539704488895021e-06,,,COMPLETE
6,0.9781210185649715,2026-09-21 04:49:08.964283,2026-09-21 04:54:21.461952,0 days 00:05:12.497669,32,0.5,True,2.2103851078424097e-05,1.2013985857789705e-07,,,COMPLETE
7,0.9805533959029514,2026-09-21 04:53:20.928288,2026-09-21 04:58:53.685916,0 days 00:05:32.757628,32,0.3,False,2.2018357543801974e-05,0.0003930355734353504,,,COMPLETE
8,0.9768452642322737,2026-09-21 04:54:21.500166,2026-09-21 04:59:54.197102,0 days 00:05:32.696936,32,0.1,False,7.192546970611274e-05,4.4318549146958934e-07,,,COMPLETE
9,0.9757003821308333,2026-09-21 04:57:02.829957,2026-09-21 05:07:17.382516,0 days 00:10:14.552559,64,0.3,True,6.851348944255678e-05,1.8911646410446568e-07,,,COMPLETE
10,0.9812539057113602,2026-09-21 04:59:44.150005,2026-09-21 05:10:18.823742,0 days 00:10:34.673737,64,0.5,False,2.2340299202658647e-05,0.0010329646872170764,,,COMPLETE
11,0.9600482143122976,2026-09-21 05:04:16.172577,2026-09-21 05:07:27.493399,0 days 00:03:11.320822,32,0.2,True,0.00016781602249755343,0.0012765514390113619,,,PRUNED
12,0.981553268877347,2026-09-21 05:07:27.522415,2026-09-21 05:13:00.071871,0 days 00:05:32.549456,32,0.3,False,2.0635194947721945e-05,0.00014770176885508645,,"{""batch_size"": 32, ""dropout"": 0.3, ""freeze_bn"": false, ""lr"": 2.0635194947721945e-05, ""weight_decay"": 0.00014770176885508645}",COMPLETE
13,0.9744326307372191,2026-09-21 05:09:18.388004,2026-09-21 05:11:19.335146,0 days 00:02:00.947142,32,0.5,True,7.077004308579387e-06,0.00016728633293755244,,"{""batch_size"": 32, ""dropout"": 0.5, ""freeze_bn"": true, ""lr"": 7.077004308579387e-06, ""weight_decay"": 0.00016728633293755244}",PRUNED
14,0.9747202529993636,2026-09-21 05:13:00.096737,2026-09-21 05:15:00.983179,0 days 00:02:00.886442,32,0.1,True,1.2685474479925784e-05,0.006145150450276167,,"{""batch_size"": 32, ""dropout"": 0.1, ""freeze_bn"": true, ""lr"": 1.2685474479925784e-05, ""weight_decay"": 0.006145150450276167}",PRUNED
15,0.9741586183612959,2026-09-21 05:15:00.999055,2026-09-21 05:16:11.551639,0 days 00:01:10.552584,16,0.3,True,7.547217651644755e-06,1.102237365805927e-05,,"{""batch_size"": 16, ""dropout"": 0.3, ""freeze_bn"": true, ""lr"": 7.547217651644755e-06, ""weight_decay"": 1.102237365805927e-05}",PRUNED
16,0.9829641604156268,2026-09-21 05:16:51.875978,2026-09-21 05:22:24.434846,0 days 00:05:32.558868,32,0.2,False,1.5227325440486634e-05,1.89109240426495e-05,,"{""batch_size"": 32, ""dropout"": 0.2, ""freeze_bn"": false, ""lr"": 1.5227325440486634e-05, ""weight_decay"": 1.89109240426495e-05}",COMPLETE
17,0.9713114844946723,2026-09-21 05:20:23.395207,2026-09-21 05:24:05.217090,0 days 00:03:41.821883,64,0.0,True,7.282009812312447e-06,4.7651340869816404e-05,,"{""batch_size"": 64, ""dropout"": 0.0, ""freeze_bn"": true, ""lr"": 7.282009812312447e-06, ""weight_decay"": 4.7651340869816404e-05}",PRUNED
18,0.9668750962335767,2026-09-21 05:21:13.867861,2026-09-21 05:23:14.833514,0 days 00:02:00.965653,32,0.3,False,0.0001448596242677741,6.827680386968381e-05,,"{""batch_size"": 32, ""dropout"": 0.3, ""freeze_bn"": false, ""lr"": 0.0001448596242677741, ""weight_decay"": 6.827680386968381e-05}",PRUNED
19,0.976156495327707,2026-09-21 05:22:54.700903,2026-09-21 05:24:55.671023,0 days 00:02:00.970120,32,0.5,False,8.233278537463126e-06,1.850388894731163e-05,,"{""batch_size"": 32, ""dropout"": 0.5, ""freeze_bn"": false, ""lr"": 8.233278537463126e-06, ""weight_decay"": 1.850388894731163e-05}",PRUNED
20,0.9732858796533993,2026-09-21 05:24:25.454711,2026-09-21 05:25:36.044087,0 days 00:01:10.589376,16,0.5,True,3.097586874928576e-05,8.867751761760838e-05,,"{""batch_size"": 16, ""dropout"": 0.5, ""freeze_bn"": true, ""lr"": 3.097586874928576e-05, ""weight_decay"": 8.867751761760838e-05}",PRUNED
21,0.9744344997195983,2026-09-21 05:25:36.084987,2026-09-21 05:27:36.959369,0 days 00:02:00.874382,32,0.2,True,1.3797618893726524e-05,1.9827642451459797e-05,,"{""batch_size"": 32, ""dropout"": 0.2, ""freeze_bn"": true, ""lr"": 1.3797618893726524e-05, ""weight_decay"": 1.9827642451459797e-05}",PRUNED
22,0.9812675155975817,2026-09-21 05:27:36.980539,2026-09-21 05:33:09.422235,0 days 00:05:32.441696,32,0.2,False,1.3813233519850685e-05,1.186675974720915e-06,,"{""batch_size"": 32, ""dropout"": 0.2, ""freeze_bn"": false, ""lr"": 1.3813233519850685e-05, ""weight_decay"": 1.186675974720915e-06}",COMPLETE
23,0.9724582355784919,2026-09-21 05:30:28.264393,2026-09-21 05:32:29.160530,0 days 00:02:00.896137,32,0.2,False,6.648619512724661e-06,0.0005007839756643297,,"{""batch_size"": 32, ""dropout"": 0.2, ""freeze_bn"": false, ""lr"": 6.648619512724661e-06, ""weight_decay"": 0.0005007839756643297}",PRUNED
24,0.9778550091281316,2026-09-21 05:33:09.455436,2026-09-21 05:36:10.704571,0 days 00:03:01.249135,32,0.2,False,5.5569791344261864e-05,3.2279023954450796e-05,,"{""batch_size"": 32, ""dropout"": 0.2, ""freeze_bn"": false, ""lr"": 5.5569791344261864e-05, ""weight_decay"": 3.2279023954450796e-05}",PRUNED
25,0.9789918882904886,2026-09-21 05:36:20.790086,2026-09-21 05:47:05.147401,0 days 00:10:44.357315,64,0.1,False,6.872463044094522e-06,6.739859254563728e-05,,"{""batch_size"": 64, ""dropout"": 0.1, ""freeze_bn"": false, ""lr"": 6.872463044094522e-06, ""weight_decay"": 6.739859254563728e-05}",PRUNED
26,0.9824006567951798,2026-09-21 05:41:52.964679,2026-09-21 05:47:25.352528,0 days 00:05:32.387849,32,0.3,False,1.5515067651590797e-05,9.796482316661759e-06,,"{""batch_size"": 32, ""dropout"": 0.3, ""freeze_bn"": false, ""lr"": 1.5515067651590797e-05, ""weight_decay"": 9.796482316661759e-06}",COMPLETE
27,0.9747456037894269,2026-09-21 05:46:34.940244,2026-09-21 05:47:55.616300,0 days 00:01:20.676056,16,0.2,False,2.228880520227225e-05,2.4330124241824337e-05,,"{""batch_size"": 16, ""dropout"": 0.2, ""freeze_bn"": false, ""lr"": 2.228880520227225e-05, ""weight_decay"": 2.4330124241824337e-05}",PRUNED
28,0.9806922710732925,2026-09-21 05:47:55.634253,2026-09-21 05:53:28.104855,0 days 00:05:32.470602,32,0.3,False,2.1312148370682716e-05,4.3553110385518555e-07,,"{""batch_size"": 32, ""dropout"": 0.3, ""freeze_bn"": false, ""lr"": 2.1312148370682716e-05, ""weight_decay"": 4.3553110385518555e-07}",COMPLETE
29,0.9765811237778133,2026-09-21 05:51:07.063182,2026-09-21 05:53:07.928280,0 days 00:02:00.865098,32,0.0,False,1.280054292997665e-05,2.3418100179473144e-05,,"{""batch_size"": 32, ""dropout"": 0.0, ""freeze_bn"": false, ""lr"": 1.280054292997665e-05, ""weight_decay"": 2.3418100179473144e-05}",PRUNED
30,0.9777081310187073,2026-09-21 05:53:28.141372,2026-09-21 05:55:39.165518,0 days 00:02:11.024146,32,0.3,True,1.8476349079194008e-05,2.138320057219848e-05,,"{""batch_size"": 32, ""dropout"": 0.3, ""freeze_bn"": true, ""lr"": 1.8476349079194008e-05, ""weight_decay"": 2.138320057219848e-05}",PRUNED
31,0.9660517171329941,2026-09-21 05:57:19.906438,2026-09-21 06:01:01.710386,0 days 00:03:41.803948,64,0.0,True,5.2259975929271535e-05,0.007295478157735643,,"{""batch_size"": 64, ""dropout"": 0.0, ""freeze_bn"": true, ""lr"": 5.2259975929271535e-05, ""weight_decay"": 0.007295478157735643}",PRUNED
32,0.9720317381460065,2026-09-21 05:59:20.901647,2026-09-21 06:01:21.919188,0 days 00:02:01.017541,32,0.3,False,5.193445725090928e-06,5.343304870466423e-06,,"{""batch_size"": 32, ""dropout"": 0.3, ""freeze_bn"": false, ""lr"": 5.193445725090928e-06, ""weight_decay"": 5.343304870466423e-06}",PRUNED
33,0.9767181299657747,2026-09-21 06:01:01.738285,2026-09-21 06:03:02.761634,0 days 00:02:01.023349,32,0.1,False,1.6693766524705475e-05,2.270394713505201e-05,,"{""batch_size"": 32, ""dropout"": 0.1, ""freeze_bn"": false, ""lr"": 1.6693766524705475e-05, ""weight_decay"": 2.270394713505201e-05}",PRUNED
34,0.9811286404272407,2026-09-21 06:01:42.161582,2026-09-21 06:07:14.798231,0 days 00:05:32.636649,32,0.5,False,2.8863297359120164e-05,0.0002631462810890478,,"{""batch_size"": 32, ""dropout"": 0.5, ""freeze_bn"": false, ""lr"": 2.8863297359120164e-05, ""weight_decay"": 0.0002631462810890478}",COMPLETE
35,0.9711608684204892,2026-09-21 06:04:03.282784,2026-09-21 06:06:04.199053,0 days 00:02:00.916269,32,0.3,True,6.249454450296982e-06,0.0012904769773832844,,"{""batch_size"": 32, ""dropout"": 0.3, ""freeze_bn"": true, ""lr"": 6.249454450296982e-06, ""weight_decay"": 0.0012904769773832844}",PRUNED
36,0.9710337341539904,2026-09-21 06:06:24.386661,2026-09-21 06:07:45.068265,0 days 00:01:20.681604,16,0.5,False,7.5688801108909666e-06,0.0009077336012703925,,"{""batch_size"": 16, ""dropout"": 0.5, ""freeze_bn"": false, ""lr"": 7.5688801108909666e-06, ""weight_decay"": 0.0009077336012703925}",PRUNED
37,0.9757337358599801,2026-09-21 06:07:24.935290,2026-09-21 06:09:35.891510,0 days 00:02:10.956220,32,0.3,False,2.434292767421115e-05,9.564244712498187e-06,,"{""batch_size"": 32, ""dropout"": 0.3, ""freeze_bn"": false, ""lr"": 2.434292767421115e-05, ""weight_decay"": 9.564244712498187e-06}",PRUNED
38,0.9765829927601924,2026-09-21 06:11:36.770941,2026-09-21 06:15:28.444055,0 days 00:03:51.673114,64,0.3,False,2.4287090319327917e-05,7.680748323416979e-05,,"{""batch_size"": 64, ""dropout"": 0.3, ""freeze_bn"": false, ""lr"": 2.4287090319327917e-05, ""weight_decay"": 7.680748323416979e-05}",PRUNED
39,0.9774303806780255,2026-09-21 06:14:38.102570,2026-09-21 06:18:19.633373,0 days 00:03:41.530803,64,0.5,True,1.1164017040063588e-05,0.00011196176673546456,,"{""batch_size"": 64, ""dropout"": 0.5, ""freeze_bn"": true, ""lr"": 1.1164017040063588e-05, ""weight_decay"": 0.00011196176673546456}",PRUNED
