number,value,datetime_start,datetime_complete,duration,params_batch_size,params_dropout,params_freeze_bn,params_lr,params_weight_decay,system_attrs_fixed_params,system_attrs_tpe:relative_params:0,state
0,0.9572066873928119,2026-09-19 22:58:33.352470,2026-09-20 22:31:30.641595,0 days 23:32:57.289125,32,0.0,True,5e-05,0.0001,"{'lr': 5e-05, 'weight_decay': 0.0001, 'batch_size': 32, 'dropout': 0.0, 'freeze_bn': True}",,COMPLETE
1,0.9634978124756529,2026-09-19 22:58:33.373443,2026-09-20 22:36:11.867275,0 days 23:37:38.493832,64,0.0,False,2.2606411202821264e-05,3.2110863342755346e-06,,,COMPLETE
2,0.9569425469383516,2026-09-20 22:31:30.654031,2026-09-20 22:36:42.019395,0 days 00:05:11.365364,32,0.5,True,6.703394373544175e-06,0.00013848514640666325,,,COMPLETE
3,0.9590440763635776,2026-09-20 22:36:42.024235,2026-09-20 22:42:13.606678,0 days 00:05:31.582443,16,0.3,False,0.00021900200323107864,4.7405034921866e-07,,,COMPLETE
4,0.970880722087862,2026-09-20 22:39:32.842861,2026-09-20 22:44:14.203585,0 days 00:04:41.360724,16,0.1,False,2.409167261587406e-05,1.6889621361529366e-06,,,COMPLETE
5,0.9613431854783547,2026-09-20 22:44:14.215088,2026-09-20 22:56:27.312846,0 days 00:12:13.097758,64,0.3,True,0.00018846884223824986,2.539704488895021e-06,,,COMPLETE
6,0.9605136724210679,2026-09-20 22:49:45.641145,2026-09-20 22:57:17.543644,0 days 00:07:31.902499,32,0.5,True,2.2103851078424097e-05,1.2013985857789705e-07,,,COMPLETE
7,0.9640613160961,2026-09-20 22:57:17.561470,2026-09-20 23:02:28.977123,0 days 00:05:11.415653,32,0.3,False,2.2018357543801974e-05,0.0003930355734353504,,,COMPLETE
8,0.9626250737677565,2026-09-20 23:02:28.986205,2026-09-20 23:08:00.494657,0 days 00:05:31.508452,32,0.1,False,7.192546970611274e-05,4.4318549146958934e-07,,,COMPLETE
9,0.9639125690042963,2026-09-20 23:07:40.413497,2026-09-20 23:17:22.837809,0 days 00:09:42.424312,64,0.3,True,6.851348944255678e-05,1.8911646410446568e-07,,,COMPLETE
10,0.9633509343662287,2026-09-20 23:15:22.320823,2026-09-20 23:27:05.566453,0 days 00:11:43.245630,64,0.5,False,2.2340299202658647e-05,0.0010329646872170764,,,COMPLETE
11,0.9506866445670367,2026-09-20 23:20:23.662108,2026-09-20 23:22:14.269585,0 days 00:01:50.607477,16,0.1,False,1.0995986730498733e-05,4.5594068836203363e-07,,"{""batch_size"": 16, ""dropout"": 0.1, ""freeze_bn"": false, ""lr"": 1.0995986730498733e-05, ""weight_decay"": 4.5594068836203363e-07}",PRUNED
12,0.9606328037484833,2026-09-20 23:23:44.688585,2026-09-20 23:27:25.665482,0 days 00:03:40.976897,32,0.3,False,4.9576021483202174e-05,0.00027764224684259924,,"{""batch_size"": 32, ""dropout"": 0.3, ""freeze_bn"": false, ""lr"": 4.9576021483202174e-05, ""weight_decay"": 0.00027764224684259924}",PRUNED
13,0.9673095966051456,2026-09-20 23:28:15.907684,2026-09-20 23:31:06.726442,0 days 00:02:50.818758,16,0.1,False,4.629711890140193e-05,2.3945491952497394e-05,,"{""batch_size"": 16, ""dropout"": 0.1, ""freeze_bn"": false, ""lr"": 4.629711890140193e-05, ""weight_decay"": 2.3945491952497394e-05}",COMPLETE
14,0.9459978567553228,2026-09-20 23:32:27.091449,2026-09-20 23:33:37.398814,0 days 00:01:10.307365,16,0.1,False,0.00017577202307576868,0.0001661929384068919,,"{""batch_size"": 16, ""dropout"": 0.1, ""freeze_bn"": false, ""lr"": 0.00017577202307576868, ""weight_decay"": 0.0001661929384068919}",PRUNED
15,0.9502620161169304,2026-09-20 23:36:38.218981,2026-09-20 23:37:48.570438,0 days 00:01:10.351457,16,0.1,False,1.055262769036973e-05,0.0001266519337100974,,"{""batch_size"": 16, ""dropout"": 0.1, ""freeze_bn"": false, ""lr"": 1.055262769036973e-05, ""weight_decay"": 0.0001266519337100974}",PRUNED
16,0.9700258582405118,2026-09-20 23:38:48.877192,2026-09-20 23:48:31.720856,0 days 00:09:42.843664,64,0.1,False,7.12865445037645e-05,1.3591177481194847e-05,,"{""batch_size"": 64, ""dropout"": 0.1, ""freeze_bn"": false, ""lr"": 7.12865445037645e-05, ""weight_decay"": 1.3591177481194847e-05}",COMPLETE
17,0.961478322683937,2026-09-20 23:41:19.617110,2026-09-20 23:44:10.471492,0 days 00:02:50.854382,16,0.2,False,6.370211171052433e-05,5.713188987742169e-06,,"{""batch_size"": 16, ""dropout"": 0.2, ""freeze_bn"": false, ""lr"": 6.370211171052433e-05, ""weight_decay"": 5.713188987742169e-06}",PRUNED
18,0.9666306996220418,2026-09-20 23:44:10.481173,2026-09-20 23:48:51.858907,0 days 00:04:41.377734,16,0.5,False,2.6299556999303143e-05,1.727127488893929e-06,,"{""batch_size"": 16, ""dropout"": 0.5, ""freeze_bn"": false, ""lr"": 2.6299556999303143e-05, ""weight_decay"": 1.727127488893929e-06}",COMPLETE
19,0.9613629293212801,2026-09-20 23:47:01.273859,2026-09-20 23:49:11.987316,0 days 00:02:10.713457,16,0.1,True,3.857797180118797e-05,7.644161737386612e-05,,"{""batch_size"": 16, ""dropout"": 0.1, ""freeze_bn"": true, ""lr"": 3.857797180118797e-05, ""weight_decay"": 7.644161737386612e-05}",PRUNED
20,0.9631768364843616,2026-09-20 23:48:51.878105,2026-09-20 23:57:54.357986,0 days 00:09:02.479881,64,0.1,False,9.691077000741696e-05,2.0936540672432624e-05,,"{""batch_size"": 64, ""dropout"": 0.1, ""freeze_bn"": false, ""lr"": 9.691077000741696e-05, ""weight_decay"": 2.0936540672432624e-05}",PRUNED
21,0.9558056677759946,2026-09-20 23:52:12.863770,2026-09-20 23:59:24.769020,0 days 00:07:11.905250,64,0.1,False,1.3426030437503688e-05,5.9422066982239115e-06,,"{""batch_size"": 64, ""dropout"": 0.1, ""freeze_bn"": false, ""lr"": 1.3426030437503688e-05, ""weight_decay"": 5.9422066982239115e-06}",PRUNED
22,0.9619128230555059,2026-09-20 23:58:24.500360,2026-09-21 00:00:35.127153,0 days 00:02:10.626793,16,0.0,False,3.053406599675932e-05,4.334723511147091e-05,,"{""batch_size"": 16, ""dropout"": 0.0, ""freeze_bn"": false, ""lr"": 3.053406599675932e-05, ""weight_decay"": 4.334723511147091e-05}",PRUNED
23,0.9690297232308751,2026-09-21 00:00:15.040957,2026-09-21 00:03:05.829359,0 days 00:02:50.788402,16,0.1,False,3.538725332487243e-05,4.56361221848153e-06,,"{""batch_size"": 16, ""dropout"": 0.1, ""freeze_bn"": false, ""lr"": 3.538725332487243e-05, ""weight_decay"": 4.56361221848153e-06}",COMPLETE
24,0.9664485988010912,2026-09-21 00:05:16.429562,2026-09-21 00:08:07.199613,0 days 00:02:50.770051,16,0.1,False,4.9377800703417874e-05,3.5578409679990155e-07,,"{""batch_size"": 16, ""dropout"": 0.1, ""freeze_bn"": false, ""lr"": 4.9377800703417874e-05, ""weight_decay"": 3.5578409679990155e-07}",COMPLETE
25,0.9631904463705828,2026-09-21 00:10:47.987037,2026-09-21 00:17:09.730080,0 days 00:06:21.743043,64,0.5,False,0.00012564310150462688,1.6936428448922443e-06,,"{""batch_size"": 64, ""dropout"": 0.5, ""freeze_bn"": false, ""lr"": 0.00012564310150462688, ""weight_decay"": 1.6936428448922443e-06}",PRUNED
26,0.9434543510290107,2026-09-21 00:14:59.166693,2026-09-21 00:16:09.470139,0 days 00:01:10.303446,16,0.0,True,1.6676850307266107e-05,2.6990908134204745e-06,,"{""batch_size"": 16, ""dropout"": 0.0, ""freeze_bn"": true, ""lr"": 1.6676850307266107e-05, ""weight_decay"": 2.6990908134204745e-06}",PRUNED
27,0.9610790450238942,2026-09-21 00:17:59.984754,2026-09-21 00:21:20.920082,0 days 00:03:20.935328,32,0.3,False,2.8054172424401003e-05,1.8843403310697144e-06,,"{""batch_size"": 32, ""dropout"": 0.3, ""freeze_bn"": false, ""lr"": 2.8054172424401003e-05, ""weight_decay"": 1.8843403310697144e-06}",PRUNED
28,0.9616486826010453,2026-09-21 00:21:41.023781,2026-09-21 00:23:11.463984,0 days 00:01:30.440203,16,0.1,True,3.644379475530059e-05,2.571811524251312e-07,,"{""batch_size"": 16, ""dropout"": 0.1, ""freeze_bn"": true, ""lr"": 3.644379475530059e-05, ""weight_decay"": 2.571811524251312e-07}",PRUNED
29,0.9661727174427887,2026-09-21 00:23:11.485204,2026-09-21 00:33:14.391766,0 days 00:10:02.906562,64,0.2,False,3.750381097720308e-05,2.72579501586012e-05,,"{""batch_size"": 64, ""dropout"": 0.2, ""freeze_bn"": false, ""lr"": 3.750381097720308e-05, ""weight_decay"": 2.72579501586012e-05}",COMPLETE
30,0.9495262835969956,2026-09-21 00:25:12.110515,2026-09-21 00:27:02.652547,0 days 00:01:50.542032,32,0.2,True,0.00012339816927988824,1.0235980663162932e-05,,"{""batch_size"": 32, ""dropout"": 0.2, ""freeze_bn"": true, ""lr"": 0.00012339816927988824, ""weight_decay"": 1.0235980663162932e-05}",PRUNED
31,0.9629108270475218,2026-09-21 00:28:53.177637,2026-09-21 00:33:44.558550,0 days 00:04:51.380913,64,0.5,True,9.10297554307611e-05,7.942813069616185e-05,,"{""batch_size"": 64, ""dropout"": 0.5, ""freeze_bn"": true, ""lr"": 9.10297554307611e-05, ""weight_decay"": 7.942813069616185e-05}",PRUNED
32,0.958222039235808,2026-09-21 00:32:14.116500,2026-09-21 00:35:05.000558,0 days 00:02:50.884058,32,0.1,False,2.0915134370861225e-05,7.410827194116426e-06,,"{""batch_size"": 32, ""dropout"": 0.1, ""freeze_bn"": false, ""lr"": 2.0915134370861225e-05, ""weight_decay"": 7.410827194116426e-06}",PRUNED
33,0.9603531844254221,2026-09-21 00:34:34.848753,2026-09-21 00:36:15.381207,0 days 00:01:40.532454,16,0.1,False,7.309989622939709e-05,2.5718915359285765e-05,,"{""batch_size"": 16, ""dropout"": 0.1, ""freeze_bn"": false, ""lr"": 7.309989622939709e-05, ""weight_decay"": 2.5718915359285765e-05}",PRUNED
34,0.9599266869929366,2026-09-21 00:36:45.551424,2026-09-21 00:39:16.334591,0 days 00:02:30.783167,16,0.3,False,1.7786683537054793e-05,8.924986819917315e-06,,"{""batch_size"": 16, ""dropout"": 0.3, ""freeze_bn"": false, ""lr"": 1.7786683537054793e-05, ""weight_decay"": 8.924986819917315e-06}",PRUNED
35,0.9667460929846986,2026-09-21 00:39:26.406068,2026-09-21 00:49:09.184307,0 days 00:09:42.778239,64,0.1,True,3.8853136732896167e-05,1.10505553321024e-05,,"{""batch_size"": 64, ""dropout"": 0.1, ""freeze_bn"": true, ""lr"": 3.8853136732896167e-05, ""weight_decay"": 1.10505553321024e-05}",COMPLETE
36,0.9671805933562675,2026-09-21 00:41:27.023471,2026-09-21 00:44:17.872425,0 days 00:02:50.848954,16,0.1,False,2.6702391381056683e-05,1.6893276902925142e-05,,"{""batch_size"": 16, ""dropout"": 0.1, ""freeze_bn"": false, ""lr"": 2.6702391381056683e-05, ""weight_decay"": 1.6893276902925142e-05}",COMPLETE
37,0.9671589805309626,2026-09-21 00:44:17.876595,2026-09-21 00:54:00.705035,0 days 00:09:42.828440,64,0.0,False,0.00010643282089222076,0.00014914502382069633,,"{""batch_size"": 64, ""dropout"": 0.0, ""freeze_bn"": false, ""lr"": 0.00010643282089222076, ""weight_decay"": 0.00014914502382069633}",COMPLETE
38,0.9529486619879083,2026-09-21 00:48:49.113898,2026-09-21 00:50:19.562145,0 days 00:01:30.448247,16,0.0,False,1.3926595677551319e-05,2.647648012731362e-07,,"{""batch_size"": 16, ""dropout"": 0.0, ""freeze_bn"": false, ""lr"": 1.3926595677551319e-05, ""weight_decay"": 2.647648012731362e-07}",PRUNED
39,0.9688927170429134,2026-09-21 00:51:09.827226,2026-09-21 00:54:00.709929,0 days 00:02:50.882703,16,0.5,False,3.027257955506171e-05,0.0001752143805897781,,"{""batch_size"": 16, ""dropout"": 0.5, ""freeze_bn"": false, ""lr"": 3.027257955506171e-05, ""weight_decay"": 0.0001752143805897781}",COMPLETE
